<?xml version="1.0" encoding="UTF-8"?>
<testng-results ignored="0" total="1" passed="1" failed="0" skipped="0">
  <reporter-output>
  </reporter-output>
  <suite started-at="2022-05-16T16:32:58 IST" name="Default suite" finished-at="2022-05-16T16:33:00 IST" duration-ms="1890">
    <groups>
    </groups>
    <test started-at="2022-05-16T16:32:58 IST" name="Default test" finished-at="2022-05-16T16:33:00 IST" duration-ms="1890">
      <class name="myproject2.logintest2">
        <test-method signature="logintest()[pri:0, instance:myproject2.logintest2@33990a0c]" started-at="2022-05-16T16:32:58 IST" name="logintest" finished-at="2022-05-16T16:33:00 IST" duration-ms="1811" status="PASS">
          <reporter-output>
          </reporter-output>
        </test-method> <!-- logintest -->
      </class> <!-- myproject2.logintest2 -->
    </test> <!-- Default test -->
  </suite> <!-- Default suite -->
</testng-results>
